[01.10.2019 13:47] INFO  Starting SqlApiApplication on Laptop-Severin.local with PID 2812 (/Volumes/Samsung_T5/Projects/Java/sql-api/build/classes/java/main started by Severin in /Volumes/Samsung_T5/Projects/Java/sql-api)
[01.10.2019 13:47] DEBUG Running with Spring Boot v2.1.7.RELEASE, Spring v5.1.9.RELEASE
[01.10.2019 13:47] INFO  No active profile set, falling back to default profiles: default
[01.10.2019 13:47] INFO  Started SqlApiApplication in 7.06 seconds (JVM running for 7.796)
[01.10.2019 14:10] INFO  Starting SqlApiApplication on Laptop-Severin.local with PID 3731 (/Volumes/Samsung_T5/Projects/Java/sql-api/build/classes/java/main started by Severin in /Volumes/Samsung_T5/Projects/Java/sql-api)
[01.10.2019 14:10] DEBUG Running with Spring Boot v2.1.7.RELEASE, Spring v5.1.9.RELEASE
[01.10.2019 14:10] INFO  No active profile set, falling back to default profiles: default
[01.10.2019 14:10] INFO  Started SqlApiApplication in 7.967 seconds (JVM running for 8.68)
[01.10.2019 14:11] INFO  Starting ConnectorServiceTest on Laptop-Severin.local with PID 3780 (started by Severin in /Volumes/Samsung_T5/Projects/Java/sql-api)
[01.10.2019 14:11] DEBUG Running with Spring Boot v2.1.7.RELEASE, Spring v5.1.9.RELEASE
[01.10.2019 14:11] INFO  No active profile set, falling back to default profiles: default
[01.10.2019 14:11] INFO  Started ConnectorServiceTest in 7.532 seconds (JVM running for 9.942)
[01.10.2019 14:14] INFO  Starting ConnectorServiceTest on Laptop-Severin.local with PID 3880 (started by Severin in /Volumes/Samsung_T5/Projects/Java/sql-api)
[01.10.2019 14:14] DEBUG Running with Spring Boot v2.1.7.RELEASE, Spring v5.1.9.RELEASE
[01.10.2019 14:14] INFO  No active profile set, falling back to default profiles: default
[01.10.2019 14:14] INFO  Started ConnectorServiceTest in 7.742 seconds (JVM running for 9.08)
[01.10.2019 14:20] INFO  Starting ConnectorServiceTest on Laptop-Severin.local with PID 4119 (started by Severin in /Volumes/Samsung_T5/Projects/Java/sql-api)
[01.10.2019 14:20] DEBUG Running with Spring Boot v2.1.7.RELEASE, Spring v5.1.9.RELEASE
[01.10.2019 14:20] INFO  No active profile set, falling back to default profiles: default
[01.10.2019 14:20] INFO  Started ConnectorServiceTest in 7.114 seconds (JVM running for 8.56)
[01.10.2019 14:22] INFO  Starting ConnectorServiceTest on Laptop-Severin.local with PID 4185 (started by Severin in /Volumes/Samsung_T5/Projects/Java/sql-api)
[01.10.2019 14:22] DEBUG Running with Spring Boot v2.1.7.RELEASE, Spring v5.1.9.RELEASE
[01.10.2019 14:22] INFO  No active profile set, falling back to default profiles: default
[01.10.2019 14:22] INFO  Started ConnectorServiceTest in 7.52 seconds (JVM running for 8.918)
[01.10.2019 14:23] INFO  Starting ConnectorServiceTest on Laptop-Severin.local with PID 4225 (started by Severin in /Volumes/Samsung_T5/Projects/Java/sql-api)
[01.10.2019 14:23] DEBUG Running with Spring Boot v2.1.7.RELEASE, Spring v5.1.9.RELEASE
[01.10.2019 14:23] INFO  No active profile set, falling back to default profiles: default
[01.10.2019 14:23] INFO  Started ConnectorServiceTest in 7.343 seconds (JVM running for 8.578)
[01.10.2019 14:25] INFO  Starting ConnectorServiceTest on Laptop-Severin.local with PID 4298 (started by Severin in /Volumes/Samsung_T5/Projects/Java/sql-api)
[01.10.2019 14:25] DEBUG Running with Spring Boot v2.1.7.RELEASE, Spring v5.1.9.RELEASE
[01.10.2019 14:25] INFO  No active profile set, falling back to default profiles: default
[01.10.2019 14:25] INFO  Started ConnectorServiceTest in 7.34 seconds (JVM running for 8.565)
[01.10.2019 14:25] INFO  Starting ConnectorServiceTest on Laptop-Severin.local with PID 4322 (started by Severin in /Volumes/Samsung_T5/Projects/Java/sql-api)
[01.10.2019 14:25] DEBUG Running with Spring Boot v2.1.7.RELEASE, Spring v5.1.9.RELEASE
[01.10.2019 14:25] INFO  No active profile set, falling back to default profiles: default
[01.10.2019 14:25] INFO  Started ConnectorServiceTest in 7.301 seconds (JVM running for 8.506)
[01.10.2019 14:27] INFO  Starting ConnectorServiceTest on Laptop-Severin.local with PID 4406 (started by Severin in /Volumes/Samsung_T5/Projects/Java/sql-api)
[01.10.2019 14:27] DEBUG Running with Spring Boot v2.1.7.RELEASE, Spring v5.1.9.RELEASE
[01.10.2019 14:27] INFO  No active profile set, falling back to default profiles: default
[01.10.2019 14:27] INFO  Started ConnectorServiceTest in 6.803 seconds (JVM running for 8.219)
